  SimpleUI.cpp
D:\学习在美国\year2\CPSC 462\project\project\CPSC-462-GROUP-2\CPSC-462-GROUP-2-user\C++ Development Root\SourceCode\UI\SimpleUI.cpp(134,48): warning C4456: declaration of 'commands' hides previous local declaration
D:\学习在美国\year2\CPSC 462\project\project\CPSC-462-GROUP-2\CPSC-462-GROUP-2-user\C++ Development Root\SourceCode\UI\SimpleUI.cpp(94,25): message : see declaration of 'commands'
D:\学习在美国\year2\CPSC 462\project\project\CPSC-462-GROUP-2\CPSC-462-GROUP-2-user\C++ Development Root\SourceCode\UI\SimpleUI.cpp(135,52): warning C4456: declaration of 'selectedCommand' hides previous local declaration
D:\学习在美国\year2\CPSC 462\project\project\CPSC-462-GROUP-2\CPSC-462-GROUP-2-user\C++ Development Root\SourceCode\UI\SimpleUI.cpp(95,25): message : see declaration of 'selectedCommand'
D:\学习在美国\year2\CPSC 462\project\project\CPSC-462-GROUP-2\CPSC-462-GROUP-2-user\C++ Development Root\SourceCode\UI\SimpleUI.cpp(136,50): warning C4456: declaration of 'menuSelection' hides previous local declaration
D:\学习在美国\year2\CPSC 462\project\project\CPSC-462-GROUP-2\CPSC-462-GROUP-2-user\C++ Development Root\SourceCode\UI\SimpleUI.cpp(96,25): message : see declaration of 'menuSelection'
D:\学习在美国\year2\CPSC 462\project\project\CPSC-462-GROUP-2\CPSC-462-GROUP-2-user\C++ Development Root\SourceCode\UI\SimpleUI.cpp(249,48): warning C4456: declaration of 'commands' hides previous local declaration
D:\学习在美国\year2\CPSC 462\project\project\CPSC-462-GROUP-2\CPSC-462-GROUP-2-user\C++ Development Root\SourceCode\UI\SimpleUI.cpp(94,25): message : see declaration of 'commands'
D:\学习在美国\year2\CPSC 462\project\project\CPSC-462-GROUP-2\CPSC-462-GROUP-2-user\C++ Development Root\SourceCode\UI\SimpleUI.cpp(250,52): warning C4456: declaration of 'selectedCommand' hides previous local declaration
D:\学习在美国\year2\CPSC 462\project\project\CPSC-462-GROUP-2\CPSC-462-GROUP-2-user\C++ Development Root\SourceCode\UI\SimpleUI.cpp(95,25): message : see declaration of 'selectedCommand'
D:\学习在美国\year2\CPSC 462\project\project\CPSC-462-GROUP-2\CPSC-462-GROUP-2-user\C++ Development Root\SourceCode\UI\SimpleUI.cpp(251,50): warning C4456: declaration of 'menuSelection' hides previous local declaration
D:\学习在美国\year2\CPSC 462\project\project\CPSC-462-GROUP-2\CPSC-462-GROUP-2-user\C++ Development Root\SourceCode\UI\SimpleUI.cpp(96,25): message : see declaration of 'menuSelection'
D:\学习在美国\year2\CPSC 462\project\project\CPSC-462-GROUP-2\CPSC-462-GROUP-2-user\C++ Development Root\SourceCode\UI\SimpleUI.cpp(309,48): warning C4456: declaration of 'commands' hides previous local declaration
D:\学习在美国\year2\CPSC 462\project\project\CPSC-462-GROUP-2\CPSC-462-GROUP-2-user\C++ Development Root\SourceCode\UI\SimpleUI.cpp(94,25): message : see declaration of 'commands'
D:\学习在美国\year2\CPSC 462\project\project\CPSC-462-GROUP-2\CPSC-462-GROUP-2-user\C++ Development Root\SourceCode\UI\SimpleUI.cpp(310,52): warning C4456: declaration of 'selectedCommand' hides previous local declaration
D:\学习在美国\year2\CPSC 462\project\project\CPSC-462-GROUP-2\CPSC-462-GROUP-2-user\C++ Development Root\SourceCode\UI\SimpleUI.cpp(95,25): message : see declaration of 'selectedCommand'
D:\学习在美国\year2\CPSC 462\project\project\CPSC-462-GROUP-2\CPSC-462-GROUP-2-user\C++ Development Root\SourceCode\UI\SimpleUI.cpp(311,50): warning C4456: declaration of 'menuSelection' hides previous local declaration
D:\学习在美国\year2\CPSC 462\project\project\CPSC-462-GROUP-2\CPSC-462-GROUP-2-user\C++ Development Root\SourceCode\UI\SimpleUI.cpp(96,25): message : see declaration of 'menuSelection'
D:\学习在美国\year2\CPSC 462\project\project\CPSC-462-GROUP-2\CPSC-462-GROUP-2-user\C++ Development Root\SourceCode\UI\SimpleUI.cpp(452,44): warning C4456: declaration of 'commands' hides previous local declaration
D:\学习在美国\year2\CPSC 462\project\project\CPSC-462-GROUP-2\CPSC-462-GROUP-2-user\C++ Development Root\SourceCode\UI\SimpleUI.cpp(94,25): message : see declaration of 'commands'
D:\学习在美国\year2\CPSC 462\project\project\CPSC-462-GROUP-2\CPSC-462-GROUP-2-user\C++ Development Root\SourceCode\UI\SimpleUI.cpp(453,48): warning C4456: declaration of 'selectedCommand' hides previous local declaration
D:\学习在美国\year2\CPSC 462\project\project\CPSC-462-GROUP-2\CPSC-462-GROUP-2-user\C++ Development Root\SourceCode\UI\SimpleUI.cpp(95,25): message : see declaration of 'selectedCommand'
D:\学习在美国\year2\CPSC 462\project\project\CPSC-462-GROUP-2\CPSC-462-GROUP-2-user\C++ Development Root\SourceCode\UI\SimpleUI.cpp(454,46): warning C4456: declaration of 'menuSelection' hides previous local declaration
D:\学习在美国\year2\CPSC 462\project\project\CPSC-462-GROUP-2\CPSC-462-GROUP-2-user\C++ Development Root\SourceCode\UI\SimpleUI.cpp(96,25): message : see declaration of 'menuSelection'
D:\学习在美国\year2\CPSC 462\project\project\CPSC-462-GROUP-2\CPSC-462-GROUP-2-user\C++ Development Root\SourceCode\UI\SimpleUI.cpp(134): warning C6246: Local declaration of 'commands' hides declaration of the same name in outer scope. For additional information, see previous declaration at line '94' of 'd:\学习在美国\year2\cpsc 462\project\project\cpsc-462-group-2\cpsc-462-group-2-user\c++ development root\sourcecode\ui\simpleui.cpp'.: Lines: 94
D:\学习在美国\year2\CPSC 462\project\project\CPSC-462-GROUP-2\CPSC-462-GROUP-2-user\C++ Development Root\SourceCode\UI\SimpleUI.cpp(135): warning C6246: Local declaration of 'selectedCommand' hides declaration of the same name in outer scope. For additional information, see previous declaration at line '95' of 'd:\学习在美国\year2\cpsc 462\project\project\cpsc-462-group-2\cpsc-462-group-2-user\c++ development root\sourcecode\ui\simpleui.cpp'.: Lines: 95
D:\学习在美国\year2\CPSC 462\project\project\CPSC-462-GROUP-2\CPSC-462-GROUP-2-user\C++ Development Root\SourceCode\UI\SimpleUI.cpp(136): warning C6246: Local declaration of 'menuSelection' hides declaration of the same name in outer scope. For additional information, see previous declaration at line '96' of 'd:\学习在美国\year2\cpsc 462\project\project\cpsc-462-group-2\cpsc-462-group-2-user\c++ development root\sourcecode\ui\simpleui.cpp'.: Lines: 96
D:\学习在美国\year2\CPSC 462\project\project\CPSC-462-GROUP-2\CPSC-462-GROUP-2-user\C++ Development Root\SourceCode\UI\SimpleUI.cpp(249): warning C6246: Local declaration of 'commands' hides declaration of the same name in outer scope. For additional information, see previous declaration at line '94' of 'd:\学习在美国\year2\cpsc 462\project\project\cpsc-462-group-2\cpsc-462-group-2-user\c++ development root\sourcecode\ui\simpleui.cpp'.: Lines: 94
D:\学习在美国\year2\CPSC 462\project\project\CPSC-462-GROUP-2\CPSC-462-GROUP-2-user\C++ Development Root\SourceCode\UI\SimpleUI.cpp(250): warning C6246: Local declaration of 'selectedCommand' hides declaration of the same name in outer scope. For additional information, see previous declaration at line '95' of 'd:\学习在美国\year2\cpsc 462\project\project\cpsc-462-group-2\cpsc-462-group-2-user\c++ development root\sourcecode\ui\simpleui.cpp'.: Lines: 95
D:\学习在美国\year2\CPSC 462\project\project\CPSC-462-GROUP-2\CPSC-462-GROUP-2-user\C++ Development Root\SourceCode\UI\SimpleUI.cpp(251): warning C6246: Local declaration of 'menuSelection' hides declaration of the same name in outer scope. For additional information, see previous declaration at line '96' of 'd:\学习在美国\year2\cpsc 462\project\project\cpsc-462-group-2\cpsc-462-group-2-user\c++ development root\sourcecode\ui\simpleui.cpp'.: Lines: 96
D:\学习在美国\year2\CPSC 462\project\project\CPSC-462-GROUP-2\CPSC-462-GROUP-2-user\C++ Development Root\SourceCode\UI\SimpleUI.cpp(309): warning C6246: Local declaration of 'commands' hides declaration of the same name in outer scope. For additional information, see previous declaration at line '94' of 'd:\学习在美国\year2\cpsc 462\project\project\cpsc-462-group-2\cpsc-462-group-2-user\c++ development root\sourcecode\ui\simpleui.cpp'.: Lines: 94
D:\学习在美国\year2\CPSC 462\project\project\CPSC-462-GROUP-2\CPSC-462-GROUP-2-user\C++ Development Root\SourceCode\UI\SimpleUI.cpp(310): warning C6246: Local declaration of 'selectedCommand' hides declaration of the same name in outer scope. For additional information, see previous declaration at line '95' of 'd:\学习在美国\year2\cpsc 462\project\project\cpsc-462-group-2\cpsc-462-group-2-user\c++ development root\sourcecode\ui\simpleui.cpp'.: Lines: 95
D:\学习在美国\year2\CPSC 462\project\project\CPSC-462-GROUP-2\CPSC-462-GROUP-2-user\C++ Development Root\SourceCode\UI\SimpleUI.cpp(311): warning C6246: Local declaration of 'menuSelection' hides declaration of the same name in outer scope. For additional information, see previous declaration at line '96' of 'd:\学习在美国\year2\cpsc 462\project\project\cpsc-462-group-2\cpsc-462-group-2-user\c++ development root\sourcecode\ui\simpleui.cpp'.: Lines: 96
D:\学习在美国\year2\CPSC 462\project\project\CPSC-462-GROUP-2\CPSC-462-GROUP-2-user\C++ Development Root\SourceCode\UI\SimpleUI.cpp(452): warning C6246: Local declaration of 'commands' hides declaration of the same name in outer scope. For additional information, see previous declaration at line '94' of 'd:\学习在美国\year2\cpsc 462\project\project\cpsc-462-group-2\cpsc-462-group-2-user\c++ development root\sourcecode\ui\simpleui.cpp'.: Lines: 94
D:\学习在美国\year2\CPSC 462\project\project\CPSC-462-GROUP-2\CPSC-462-GROUP-2-user\C++ Development Root\SourceCode\UI\SimpleUI.cpp(453): warning C6246: Local declaration of 'selectedCommand' hides declaration of the same name in outer scope. For additional information, see previous declaration at line '95' of 'd:\学习在美国\year2\cpsc 462\project\project\cpsc-462-group-2\cpsc-462-group-2-user\c++ development root\sourcecode\ui\simpleui.cpp'.: Lines: 95
D:\学习在美国\year2\CPSC 462\project\project\CPSC-462-GROUP-2\CPSC-462-GROUP-2-user\C++ Development Root\SourceCode\UI\SimpleUI.cpp(454): warning C6246: Local declaration of 'menuSelection' hides declaration of the same name in outer scope. For additional information, see previous declaration at line '96' of 'd:\学习在美国\year2\cpsc 462\project\project\cpsc-462-group-2\cpsc-462-group-2-user\c++ development root\sourcecode\ui\simpleui.cpp'.: Lines: 96
  ConsoleApplication.vcxproj -> D:\学习在美国\year2\CPSC 462\project\project\CPSC-462-GROUP-2\CPSC-462-GROUP-2-user\C++ Development Root\MSVC++v16 (2019) Solution Space\ConsoleApplication\x64\Debug\ConsoleApplication-x64-Debug.exe
