d:\christopher ta\cal state fullerton\fall 2020\cpsc 462\c++ development root samplesourcecode\msvc++v16 (2019) solution space\consoleapplication\x64\debug\vc142.pdb
d:\christopher ta\cal state fullerton\fall 2020\cpsc 462\c++ development root samplesourcecode\msvc++v16 (2019) solution space\consoleapplication\x64\debug\vc142.idb
d:\christopher ta\cal state fullerton\fall 2020\cpsc 462\c++ development root samplesourcecode\msvc++v16 (2019) solution space\consoleapplication\x64\debug\sourcecode\domain\session\session.sbr
d:\christopher ta\cal state fullerton\fall 2020\cpsc 462\c++ development root samplesourcecode\msvc++v16 (2019) solution space\consoleapplication\x64\debug\sourcecode\domain\session\sessionhandler.sbr
d:\christopher ta\cal state fullerton\fall 2020\cpsc 462\c++ development root samplesourcecode\msvc++v16 (2019) solution space\consoleapplication\x64\debug\sourcecode\domain\session\sessionhandler.nativecodeanalysis.xml
d:\christopher ta\cal state fullerton\fall 2020\cpsc 462\c++ development root samplesourcecode\msvc++v16 (2019) solution space\consoleapplication\x64\debug\sourcecode\domain\session\session.nativecodeanalysis.xml
d:\christopher ta\cal state fullerton\fall 2020\cpsc 462\c++ development root samplesourcecode\msvc++v16 (2019) solution space\consoleapplication\x64\debug\sourcecode\domain\session\session.obj
d:\christopher ta\cal state fullerton\fall 2020\cpsc 462\c++ development root samplesourcecode\msvc++v16 (2019) solution space\consoleapplication\x64\debug\sourcecode\domain\session\session.asm
d:\christopher ta\cal state fullerton\fall 2020\cpsc 462\c++ development root samplesourcecode\msvc++v16 (2019) solution space\consoleapplication\x64\debug\sourcecode\domain\session\sessionhandler.obj
d:\christopher ta\cal state fullerton\fall 2020\cpsc 462\c++ development root samplesourcecode\msvc++v16 (2019) solution space\consoleapplication\x64\debug\sourcecode\domain\session\sessionhandler.asm
d:\christopher ta\cal state fullerton\fall 2020\cpsc 462\c++ development root samplesourcecode\msvc++v16 (2019) solution space\consoleapplication\x64\debug\sourcecode\main.sbr
d:\christopher ta\cal state fullerton\fall 2020\cpsc 462\c++ development root samplesourcecode\msvc++v16 (2019) solution space\consoleapplication\x64\debug\sourcecode\main.nativecodeanalysis.xml
d:\christopher ta\cal state fullerton\fall 2020\cpsc 462\c++ development root samplesourcecode\msvc++v16 (2019) solution space\consoleapplication\x64\debug\sourcecode\main.obj
d:\christopher ta\cal state fullerton\fall 2020\cpsc 462\c++ development root samplesourcecode\msvc++v16 (2019) solution space\consoleapplication\x64\debug\sourcecode\main.asm
d:\christopher ta\cal state fullerton\fall 2020\cpsc 462\c++ development root samplesourcecode\msvc++v16 (2019) solution space\consoleapplication\x64\debug\sourcecode\technicalservices\logging\loggerhandler.sbr
d:\christopher ta\cal state fullerton\fall 2020\cpsc 462\c++ development root samplesourcecode\msvc++v16 (2019) solution space\consoleapplication\x64\debug\sourcecode\technicalservices\logging\loggerhandler.nativecodeanalysis.xml
d:\christopher ta\cal state fullerton\fall 2020\cpsc 462\c++ development root samplesourcecode\msvc++v16 (2019) solution space\consoleapplication\x64\debug\sourcecode\technicalservices\logging\loggerhandler.obj
d:\christopher ta\cal state fullerton\fall 2020\cpsc 462\c++ development root samplesourcecode\msvc++v16 (2019) solution space\consoleapplication\x64\debug\sourcecode\technicalservices\logging\loggerhandler.asm
d:\christopher ta\cal state fullerton\fall 2020\cpsc 462\c++ development root samplesourcecode\msvc++v16 (2019) solution space\consoleapplication\x64\debug\sourcecode\technicalservices\persistence\persistencehandler.sbr
d:\christopher ta\cal state fullerton\fall 2020\cpsc 462\c++ development root samplesourcecode\msvc++v16 (2019) solution space\consoleapplication\x64\debug\sourcecode\technicalservices\persistence\simpledb.sbr
d:\christopher ta\cal state fullerton\fall 2020\cpsc 462\c++ development root samplesourcecode\msvc++v16 (2019) solution space\consoleapplication\x64\debug\sourcecode\technicalservices\persistence\simpledb.nativecodeanalysis.xml
d:\christopher ta\cal state fullerton\fall 2020\cpsc 462\c++ development root samplesourcecode\msvc++v16 (2019) solution space\consoleapplication\x64\debug\sourcecode\technicalservices\persistence\persistencehandler.nativecodeanalysis.xml
d:\christopher ta\cal state fullerton\fall 2020\cpsc 462\c++ development root samplesourcecode\msvc++v16 (2019) solution space\consoleapplication\x64\debug\sourcecode\technicalservices\persistence\persistencehandler.obj
d:\christopher ta\cal state fullerton\fall 2020\cpsc 462\c++ development root samplesourcecode\msvc++v16 (2019) solution space\consoleapplication\x64\debug\sourcecode\technicalservices\persistence\persistencehandler.asm
d:\christopher ta\cal state fullerton\fall 2020\cpsc 462\c++ development root samplesourcecode\msvc++v16 (2019) solution space\consoleapplication\x64\debug\sourcecode\technicalservices\persistence\simpledb.obj
d:\christopher ta\cal state fullerton\fall 2020\cpsc 462\c++ development root samplesourcecode\msvc++v16 (2019) solution space\consoleapplication\x64\debug\sourcecode\technicalservices\persistence\simpledb.asm
d:\christopher ta\cal state fullerton\fall 2020\cpsc 462\c++ development root samplesourcecode\msvc++v16 (2019) solution space\consoleapplication\x64\debug\consoleapplication-x64-debug.pdb
d:\christopher ta\cal state fullerton\fall 2020\cpsc 462\c++ development root samplesourcecode\msvc++v16 (2019) solution space\consoleapplication\x64\debug\consolea.de35c98a.tlog\cl.command.1.tlog
d:\christopher ta\cal state fullerton\fall 2020\cpsc 462\c++ development root samplesourcecode\msvc++v16 (2019) solution space\consoleapplication\x64\debug\consolea.de35c98a.tlog\cl.read.1.tlog
d:\christopher ta\cal state fullerton\fall 2020\cpsc 462\c++ development root samplesourcecode\msvc++v16 (2019) solution space\consoleapplication\x64\debug\consolea.de35c98a.tlog\cl.write.1.tlog
d:\christopher ta\cal state fullerton\fall 2020\cpsc 462\c++ development root samplesourcecode\msvc++v16 (2019) solution space\consoleapplication\x64\debug\consolea.de35c98a.tlog\link-cvtres.read.1.tlog
d:\christopher ta\cal state fullerton\fall 2020\cpsc 462\c++ development root samplesourcecode\msvc++v16 (2019) solution space\consoleapplication\x64\debug\consolea.de35c98a.tlog\link-cvtres.write.1.tlog
d:\christopher ta\cal state fullerton\fall 2020\cpsc 462\c++ development root samplesourcecode\msvc++v16 (2019) solution space\consoleapplication\x64\debug\consolea.de35c98a.tlog\link-rc.read.1.tlog
d:\christopher ta\cal state fullerton\fall 2020\cpsc 462\c++ development root samplesourcecode\msvc++v16 (2019) solution space\consoleapplication\x64\debug\consolea.de35c98a.tlog\link-rc.write.1.tlog
d:\christopher ta\cal state fullerton\fall 2020\cpsc 462\c++ development root samplesourcecode\msvc++v16 (2019) solution space\consoleapplication\x64\debug\consolea.de35c98a.tlog\link.command.1.tlog
d:\christopher ta\cal state fullerton\fall 2020\cpsc 462\c++ development root samplesourcecode\msvc++v16 (2019) solution space\consoleapplication\x64\debug\consolea.de35c98a.tlog\link.read.1.tlog
d:\christopher ta\cal state fullerton\fall 2020\cpsc 462\c++ development root samplesourcecode\msvc++v16 (2019) solution space\consoleapplication\x64\debug\consolea.de35c98a.tlog\link.write.1.tlog
